{"D:\\menna_essam_rover_solution\\rover.js": {"path":"D:\\menna_essam_rover_solution\\rover.js","statementMap":{"0":{"start":{"line":5,"column":8},"end":{"line":5,"column":37}},"1":{"start":{"line":6,"column":8},"end":{"line":6,"column":35}},"2":{"start":{"line":7,"column":8},"end":{"line":7,"column":61}},"3":{"start":{"line":8,"column":8},"end":{"line":8,"column":35}},"4":{"start":{"line":9,"column":8},"end":{"line":9,"column":25}},"5":{"start":{"line":10,"column":8},"end":{"line":10,"column":30}},"6":{"start":{"line":15,"column":25},"end":{"line":15,"column":48}},"7":{"start":{"line":16,"column":8},"end":{"line":16,"column":40}},"8":{"start":{"line":17,"column":8},"end":{"line":17,"column":105}},"9":{"start":{"line":21,"column":8},"end":{"line":32,"column":10}},"10":{"start":{"line":22,"column":12},"end":{"line":31,"column":13}},"11":{"start":{"line":25,"column":20},"end":{"line":25,"column":41}},"12":{"start":{"line":26,"column":20},"end":{"line":26,"column":26}},"13":{"start":{"line":29,"column":20},"end":{"line":29,"column":40}},"14":{"start":{"line":30,"column":20},"end":{"line":30,"column":26}},"15":{"start":{"line":36,"column":20},"end":{"line":36,"column":25}},"16":{"start":{"line":39,"column":8},"end":{"line":39,"column":45}},"17":{"start":{"line":39,"column":38},"end":{"line":39,"column":45}},"18":{"start":{"line":41,"column":8},"end":{"line":54,"column":9}},"19":{"start":{"line":43,"column":16},"end":{"line":43,"column":21}},"20":{"start":{"line":44,"column":16},"end":{"line":44,"column":22}},"21":{"start":{"line":46,"column":16},"end":{"line":46,"column":21}},"22":{"start":{"line":47,"column":16},"end":{"line":47,"column":22}},"23":{"start":{"line":49,"column":16},"end":{"line":49,"column":21}},"24":{"start":{"line":50,"column":16},"end":{"line":50,"column":22}},"25":{"start":{"line":52,"column":16},"end":{"line":52,"column":21}},"26":{"start":{"line":53,"column":16},"end":{"line":53,"column":22}},"27":{"start":{"line":56,"column":8},"end":{"line":63,"column":9}},"28":{"start":{"line":58,"column":16},"end":{"line":58,"column":23}},"29":{"start":{"line":59,"column":16},"end":{"line":59,"column":23}},"30":{"start":{"line":60,"column":16},"end":{"line":60,"column":22}},"31":{"start":{"line":62,"column":20},"end":{"line":62,"column":26}},"32":{"start":{"line":65,"column":8},"end":{"line":65,"column":81}},"33":{"start":{"line":67,"column":8},"end":{"line":67,"column":119}},"34":{"start":{"line":72,"column":20},"end":{"line":72,"column":59}},"35":{"start":{"line":74,"column":8},"end":{"line":81,"column":9}},"36":{"start":{"line":76,"column":16},"end":{"line":76,"column":51}},"37":{"start":{"line":77,"column":16},"end":{"line":77,"column":22}},"38":{"start":{"line":79,"column":16},"end":{"line":79,"column":51}},"39":{"start":{"line":80,"column":16},"end":{"line":80,"column":22}},"40":{"start":{"line":82,"column":8},"end":{"line":82,"column":47}},"41":{"start":{"line":87,"column":8},"end":{"line":87,"column":41}},"42":{"start":{"line":89,"column":23},"end":{"line":89,"column":94}},"43":{"start":{"line":89,"column":55},"end":{"line":89,"column":93}},"44":{"start":{"line":91,"column":8},"end":{"line":91,"column":33}},"45":{"start":{"line":91,"column":21},"end":{"line":91,"column":33}},"46":{"start":{"line":98,"column":8},"end":{"line":98,"column":21}},"47":{"start":{"line":103,"column":8},"end":{"line":103,"column":36}},"48":{"start":{"line":105,"column":8},"end":{"line":119,"column":9}},"49":{"start":{"line":110,"column":16},"end":{"line":110,"column":34}},"50":{"start":{"line":111,"column":16},"end":{"line":111,"column":34}},"51":{"start":{"line":112,"column":16},"end":{"line":112,"column":22}},"52":{"start":{"line":115,"column":16},"end":{"line":115,"column":34}},"53":{"start":{"line":116,"column":16},"end":{"line":116,"column":34}},"54":{"start":{"line":117,"column":16},"end":{"line":117,"column":22}},"55":{"start":{"line":121,"column":8},"end":{"line":123,"column":9}},"56":{"start":{"line":122,"column":12},"end":{"line":122,"column":35}},"57":{"start":{"line":125,"column":8},"end":{"line":125,"column":32}},"58":{"start":{"line":130,"column":8},"end":{"line":144,"column":9}},"59":{"start":{"line":131,"column":12},"end":{"line":143,"column":13}},"60":{"start":{"line":133,"column":20},"end":{"line":133,"column":43}},"61":{"start":{"line":134,"column":20},"end":{"line":134,"column":49}},"62":{"start":{"line":135,"column":20},"end":{"line":135,"column":26}},"63":{"start":{"line":137,"column":20},"end":{"line":137,"column":43}},"64":{"start":{"line":138,"column":20},"end":{"line":138,"column":49}},"65":{"start":{"line":139,"column":20},"end":{"line":139,"column":26}},"66":{"start":{"line":141,"column":20},"end":{"line":141,"column":41}},"67":{"start":{"line":142,"column":20},"end":{"line":142,"column":26}},"68":{"start":{"line":146,"column":8},"end":{"line":160,"column":9}},"69":{"start":{"line":147,"column":12},"end":{"line":159,"column":13}},"70":{"start":{"line":149,"column":20},"end":{"line":149,"column":43}},"71":{"start":{"line":150,"column":20},"end":{"line":150,"column":49}},"72":{"start":{"line":151,"column":20},"end":{"line":151,"column":26}},"73":{"start":{"line":153,"column":20},"end":{"line":153,"column":43}},"74":{"start":{"line":154,"column":20},"end":{"line":154,"column":49}},"75":{"start":{"line":155,"column":20},"end":{"line":155,"column":26}},"76":{"start":{"line":157,"column":20},"end":{"line":157,"column":41}},"77":{"start":{"line":158,"column":20},"end":{"line":158,"column":26}},"78":{"start":{"line":164,"column":8},"end":{"line":178,"column":9}},"79":{"start":{"line":165,"column":12},"end":{"line":177,"column":13}},"80":{"start":{"line":167,"column":20},"end":{"line":167,"column":43}},"81":{"start":{"line":168,"column":20},"end":{"line":168,"column":49}},"82":{"start":{"line":169,"column":20},"end":{"line":169,"column":26}},"83":{"start":{"line":171,"column":20},"end":{"line":171,"column":43}},"84":{"start":{"line":172,"column":20},"end":{"line":172,"column":49}},"85":{"start":{"line":173,"column":20},"end":{"line":173,"column":26}},"86":{"start":{"line":175,"column":20},"end":{"line":175,"column":42}},"87":{"start":{"line":176,"column":20},"end":{"line":176,"column":26}},"88":{"start":{"line":180,"column":8},"end":{"line":194,"column":9}},"89":{"start":{"line":181,"column":12},"end":{"line":193,"column":13}},"90":{"start":{"line":183,"column":20},"end":{"line":183,"column":43}},"91":{"start":{"line":184,"column":20},"end":{"line":184,"column":49}},"92":{"start":{"line":185,"column":20},"end":{"line":185,"column":26}},"93":{"start":{"line":187,"column":20},"end":{"line":187,"column":43}},"94":{"start":{"line":188,"column":20},"end":{"line":188,"column":49}},"95":{"start":{"line":189,"column":20},"end":{"line":189,"column":26}},"96":{"start":{"line":191,"column":20},"end":{"line":191,"column":42}},"97":{"start":{"line":192,"column":20},"end":{"line":192,"column":26}},"98":{"start":{"line":200,"column":27},"end":{"line":200,"column":66}},"99":{"start":{"line":201,"column":26},"end":{"line":201,"column":60}},"100":{"start":{"line":202,"column":25},"end":{"line":202,"column":51}},"101":{"start":{"line":204,"column":8},"end":{"line":206,"column":59}},"102":{"start":{"line":211,"column":0},"end":{"line":211,"column":22}}},"fnMap":{"0":{"name":"(anonymous_0)","decl":{"start":{"line":4,"column":4},"end":{"line":4,"column":5}},"loc":{"start":{"line":4,"column":64},"end":{"line":11,"column":7}},"line":4},"1":{"name":"(anonymous_1)","decl":{"start":{"line":14,"column":4},"end":{"line":14,"column":5}},"loc":{"start":{"line":14,"column":22},"end":{"line":18,"column":5}},"line":14},"2":{"name":"(anonymous_2)","decl":{"start":{"line":20,"column":4},"end":{"line":20,"column":5}},"loc":{"start":{"line":20,"column":32},"end":{"line":33,"column":5}},"line":20},"3":{"name":"(anonymous_3)","decl":{"start":{"line":21,"column":22},"end":{"line":21,"column":23}},"loc":{"start":{"line":21,"column":32},"end":{"line":32,"column":9}},"line":21},"4":{"name":"(anonymous_4)","decl":{"start":{"line":35,"column":4},"end":{"line":35,"column":5}},"loc":{"start":{"line":35,"column":19},"end":{"line":69,"column":5}},"line":35},"5":{"name":"(anonymous_5)","decl":{"start":{"line":71,"column":4},"end":{"line":71,"column":5}},"loc":{"start":{"line":71,"column":19},"end":{"line":83,"column":5}},"line":71},"6":{"name":"(anonymous_6)","decl":{"start":{"line":85,"column":4},"end":{"line":85,"column":5}},"loc":{"start":{"line":85,"column":20},"end":{"line":99,"column":5}},"line":85},"7":{"name":"(anonymous_7)","decl":{"start":{"line":89,"column":43},"end":{"line":89,"column":44}},"loc":{"start":{"line":89,"column":55},"end":{"line":89,"column":93}},"line":89},"8":{"name":"(anonymous_8)","decl":{"start":{"line":102,"column":4},"end":{"line":102,"column":5}},"loc":{"start":{"line":102,"column":51},"end":{"line":127,"column":5}},"line":102},"9":{"name":"(anonymous_9)","decl":{"start":{"line":129,"column":4},"end":{"line":129,"column":5}},"loc":{"start":{"line":129,"column":16},"end":{"line":161,"column":5}},"line":129},"10":{"name":"(anonymous_10)","decl":{"start":{"line":163,"column":4},"end":{"line":163,"column":5}},"loc":{"start":{"line":163,"column":16},"end":{"line":197,"column":5}},"line":163},"11":{"name":"(anonymous_11)","decl":{"start":{"line":199,"column":4},"end":{"line":199,"column":5}},"loc":{"start":{"line":199,"column":22},"end":{"line":207,"column":5}},"line":199}},"branchMap":{"0":{"loc":{"start":{"line":4,"column":16},"end":{"line":4,"column":21}},"type":"default-arg","locations":[{"start":{"line":4,"column":20},"end":{"line":4,"column":21}}],"line":4},"1":{"loc":{"start":{"line":4,"column":23},"end":{"line":4,"column":28}},"type":"default-arg","locations":[{"start":{"line":4,"column":27},"end":{"line":4,"column":28}}],"line":4},"2":{"loc":{"start":{"line":4,"column":30},"end":{"line":4,"column":49}},"type":"default-arg","locations":[{"start":{"line":4,"column":42},"end":{"line":4,"column":49}}],"line":4},"3":{"loc":{"start":{"line":4,"column":50},"end":{"line":4,"column":62}},"type":"default-arg","locations":[{"start":{"line":4,"column":60},"end":{"line":4,"column":62}}],"line":4},"4":{"loc":{"start":{"line":22,"column":12},"end":{"line":31,"column":13}},"type":"switch","locations":[{"start":{"line":23,"column":16},"end":{"line":23,"column":25}},{"start":{"line":24,"column":16},"end":{"line":26,"column":26}},{"start":{"line":27,"column":16},"end":{"line":27,"column":25}},{"start":{"line":28,"column":16},"end":{"line":30,"column":26}}],"line":22},"5":{"loc":{"start":{"line":39,"column":8},"end":{"line":39,"column":45}},"type":"if","locations":[{"start":{"line":39,"column":8},"end":{"line":39,"column":45}},{"start":{},"end":{}}],"line":39},"6":{"loc":{"start":{"line":41,"column":8},"end":{"line":54,"column":9}},"type":"switch","locations":[{"start":{"line":42,"column":12},"end":{"line":44,"column":22}},{"start":{"line":45,"column":12},"end":{"line":47,"column":22}},{"start":{"line":48,"column":12},"end":{"line":50,"column":22}},{"start":{"line":51,"column":12},"end":{"line":53,"column":22}}],"line":41},"7":{"loc":{"start":{"line":56,"column":8},"end":{"line":63,"column":9}},"type":"switch","locations":[{"start":{"line":57,"column":12},"end":{"line":60,"column":22}},{"start":{"line":61,"column":12},"end":{"line":62,"column":26}}],"line":56},"8":{"loc":{"start":{"line":67,"column":8},"end":{"line":67,"column":118}},"type":"cond-expr","locations":[{"start":{"line":67,"column":58},"end":{"line":67,"column":81}},{"start":{"line":67,"column":84},"end":{"line":67,"column":118}}],"line":67},"9":{"loc":{"start":{"line":74,"column":8},"end":{"line":81,"column":9}},"type":"switch","locations":[{"start":{"line":75,"column":12},"end":{"line":77,"column":22}},{"start":{"line":78,"column":12},"end":{"line":80,"column":22}}],"line":74},"10":{"loc":{"start":{"line":76,"column":16},"end":{"line":76,"column":50}},"type":"cond-expr","locations":[{"start":{"line":76,"column":29},"end":{"line":76,"column":38}},{"start":{"line":76,"column":41},"end":{"line":76,"column":50}}],"line":76},"11":{"loc":{"start":{"line":79,"column":16},"end":{"line":79,"column":50}},"type":"cond-expr","locations":[{"start":{"line":79,"column":29},"end":{"line":79,"column":38}},{"start":{"line":79,"column":41},"end":{"line":79,"column":50}}],"line":79},"12":{"loc":{"start":{"line":89,"column":55},"end":{"line":89,"column":93}},"type":"binary-expr","locations":[{"start":{"line":89,"column":55},"end":{"line":89,"column":72}},{"start":{"line":89,"column":76},"end":{"line":89,"column":93}}],"line":89},"13":{"loc":{"start":{"line":91,"column":8},"end":{"line":91,"column":33}},"type":"if","locations":[{"start":{"line":91,"column":8},"end":{"line":91,"column":33}},{"start":{},"end":{}}],"line":91},"14":{"loc":{"start":{"line":102,"column":20},"end":{"line":102,"column":25}},"type":"default-arg","locations":[{"start":{"line":102,"column":24},"end":{"line":102,"column":25}}],"line":102},"15":{"loc":{"start":{"line":102,"column":26},"end":{"line":102,"column":31}},"type":"default-arg","locations":[{"start":{"line":102,"column":30},"end":{"line":102,"column":31}}],"line":102},"16":{"loc":{"start":{"line":102,"column":32},"end":{"line":102,"column":50}},"type":"default-arg","locations":[{"start":{"line":102,"column":44},"end":{"line":102,"column":50}}],"line":102},"17":{"loc":{"start":{"line":105,"column":8},"end":{"line":119,"column":9}},"type":"switch","locations":[{"start":{"line":108,"column":12},"end":{"line":108,"column":25}},{"start":{"line":109,"column":12},"end":{"line":112,"column":22}},{"start":{"line":113,"column":12},"end":{"line":113,"column":24}},{"start":{"line":114,"column":12},"end":{"line":117,"column":22}}],"line":105},"18":{"loc":{"start":{"line":131,"column":12},"end":{"line":143,"column":13}},"type":"switch","locations":[{"start":{"line":132,"column":16},"end":{"line":135,"column":26}},{"start":{"line":136,"column":16},"end":{"line":139,"column":26}},{"start":{"line":140,"column":16},"end":{"line":142,"column":26}}],"line":131},"19":{"loc":{"start":{"line":147,"column":12},"end":{"line":159,"column":13}},"type":"switch","locations":[{"start":{"line":148,"column":16},"end":{"line":151,"column":26}},{"start":{"line":152,"column":16},"end":{"line":155,"column":26}},{"start":{"line":156,"column":16},"end":{"line":158,"column":26}}],"line":147},"20":{"loc":{"start":{"line":165,"column":12},"end":{"line":177,"column":13}},"type":"switch","locations":[{"start":{"line":166,"column":16},"end":{"line":169,"column":26}},{"start":{"line":170,"column":16},"end":{"line":173,"column":26}},{"start":{"line":174,"column":16},"end":{"line":176,"column":26}}],"line":165},"21":{"loc":{"start":{"line":181,"column":12},"end":{"line":193,"column":13}},"type":"switch","locations":[{"start":{"line":182,"column":16},"end":{"line":185,"column":26}},{"start":{"line":186,"column":16},"end":{"line":189,"column":26}},{"start":{"line":190,"column":16},"end":{"line":192,"column":26}}],"line":181},"22":{"loc":{"start":{"line":204,"column":8},"end":{"line":206,"column":59}},"type":"cond-expr","locations":[{"start":{"line":204,"column":27},"end":{"line":205,"column":58}},{"start":{"line":205,"column":63},"end":{"line":206,"column":58}}],"line":204}},"s":{"0":8,"1":8,"2":8,"3":8,"4":8,"5":8,"6":2,"7":2,"8":2,"9":2,"10":18,"11":6,"12":6,"13":12,"14":12,"15":14,"16":14,"17":2,"18":12,"19":9,"20":9,"21":0,"22":0,"23":3,"24":3,"25":0,"26":0,"27":12,"28":2,"29":2,"30":2,"31":10,"32":12,"33":12,"34":8,"35":8,"36":5,"37":5,"38":3,"39":3,"40":8,"41":12,"42":12,"43":11,"44":12,"45":1,"46":11,"47":1,"48":1,"49":1,"50":1,"51":1,"52":0,"53":0,"54":0,"55":1,"56":0,"57":1,"58":1,"59":2,"60":1,"61":1,"62":1,"63":0,"64":0,"65":0,"66":1,"67":1,"68":1,"69":0,"70":0,"71":0,"72":0,"73":0,"74":0,"75":0,"76":0,"77":0,"78":1,"79":1,"80":1,"81":1,"82":1,"83":0,"84":0,"85":0,"86":0,"87":0,"88":1,"89":0,"90":0,"91":0,"92":0,"93":0,"94":0,"95":0,"96":0,"97":0,"98":2,"99":2,"100":2,"101":2,"102":1},"f":{"0":8,"1":2,"2":2,"3":18,"4":14,"5":8,"6":12,"7":11,"8":1,"9":1,"10":1,"11":2},"b":{"0":[0],"1":[0],"2":[0],"3":[7],"4":[4,6,10,12],"5":[2,12],"6":[9,0,3,0],"7":[2,10],"8":[1,11],"9":[5,3],"10":[1,4],"11":[0,3],"12":[11,4],"13":[1,11],"14":[0],"15":[0],"16":[0],"17":[1,1,0,0],"18":[1,0,1],"19":[0,0,0],"20":[1,0,0],"21":[0,0,0],"22":[1,1]},"_coverageSchema":"1a1c01bbd47fc00a2c39e90264f33305004495a9","hash":"62c611f20fdf21a3de172fe0ee05da4df8b99858"}
}
