TN:
SF:rover.js
FN:4,(anonymous_0)
FN:14,(anonymous_1)
FN:20,(anonymous_2)
FN:21,(anonymous_3)
FN:35,(anonymous_4)
FN:71,(anonymous_5)
FN:85,(anonymous_6)
FN:89,(anonymous_7)
FN:102,(anonymous_8)
FN:129,(anonymous_9)
FN:163,(anonymous_10)
FN:199,(anonymous_11)
FNF:12
FNH:12
FNDA:8,(anonymous_0)
FNDA:2,(anonymous_1)
FNDA:2,(anonymous_2)
FNDA:18,(anonymous_3)
FNDA:14,(anonymous_4)
FNDA:8,(anonymous_5)
FNDA:12,(anonymous_6)
FNDA:11,(anonymous_7)
FNDA:1,(anonymous_8)
FNDA:1,(anonymous_9)
FNDA:1,(anonymous_10)
FNDA:2,(anonymous_11)
DA:5,8
DA:6,8
DA:7,8
DA:8,8
DA:9,8
DA:10,8
DA:15,2
DA:16,2
DA:17,2
DA:21,2
DA:22,18
DA:25,6
DA:26,6
DA:29,12
DA:30,12
DA:36,14
DA:39,14
DA:41,12
DA:43,9
DA:44,9
DA:46,0
DA:47,0
DA:49,3
DA:50,3
DA:52,0
DA:53,0
DA:56,12
DA:58,2
DA:59,2
DA:60,2
DA:62,10
DA:65,12
DA:67,12
DA:72,8
DA:74,8
DA:76,5
DA:77,5
DA:79,3
DA:80,3
DA:82,8
DA:87,12
DA:89,12
DA:91,12
DA:98,11
DA:103,1
DA:105,1
DA:110,1
DA:111,1
DA:112,1
DA:115,0
DA:116,0
DA:117,0
DA:121,1
DA:122,0
DA:125,1
DA:130,1
DA:131,2
DA:133,1
DA:134,1
DA:135,1
DA:137,0
DA:138,0
DA:139,0
DA:141,1
DA:142,1
DA:146,1
DA:147,0
DA:149,0
DA:150,0
DA:151,0
DA:153,0
DA:154,0
DA:155,0
DA:157,0
DA:158,0
DA:164,1
DA:165,1
DA:167,1
DA:168,1
DA:169,1
DA:171,0
DA:172,0
DA:173,0
DA:175,0
DA:176,0
DA:180,1
DA:181,0
DA:183,0
DA:184,0
DA:185,0
DA:187,0
DA:188,0
DA:189,0
DA:191,0
DA:192,0
DA:200,2
DA:201,2
DA:202,2
DA:204,2
DA:211,1
LF:100
LH:66
BRDA:4,0,0,0
BRDA:4,1,0,0
BRDA:4,2,0,0
BRDA:4,3,0,7
BRDA:22,4,0,4
BRDA:22,4,1,6
BRDA:22,4,2,10
BRDA:22,4,3,12
BRDA:39,5,0,2
BRDA:39,5,1,12
BRDA:41,6,0,9
BRDA:41,6,1,0
BRDA:41,6,2,3
BRDA:41,6,3,0
BRDA:56,7,0,2
BRDA:56,7,1,10
BRDA:67,8,0,1
BRDA:67,8,1,11
BRDA:74,9,0,5
BRDA:74,9,1,3
BRDA:76,10,0,1
BRDA:76,10,1,4
BRDA:79,11,0,0
BRDA:79,11,1,3
BRDA:89,12,0,11
BRDA:89,12,1,4
BRDA:91,13,0,1
BRDA:91,13,1,11
BRDA:102,14,0,0
BRDA:102,15,0,0
BRDA:102,16,0,0
BRDA:105,17,0,1
BRDA:105,17,1,1
BRDA:105,17,2,0
BRDA:105,17,3,0
BRDA:131,18,0,1
BRDA:131,18,1,0
BRDA:131,18,2,1
BRDA:147,19,0,0
BRDA:147,19,1,0
BRDA:147,19,2,0
BRDA:165,20,0,1
BRDA:165,20,1,0
BRDA:165,20,2,0
BRDA:181,21,0,0
BRDA:181,21,1,0
BRDA:181,21,2,0
BRDA:204,22,0,1
BRDA:204,22,1,1
BRF:49
BRH:29
end_of_record
